  Map.cpp
D:\адская дрочильня\BarioGame\src\Map.cpp(23,21): warning C4018: <: несоответствие типов со знаком и без знака
D:\адская дрочильня\BarioGame\src\Map.cpp(41,13): warning C4244: инициализация: преобразование "T" в "int", возможна потеря данных
          with
          [
              T=float
          ]
D:\адская дрочильня\BarioGame\src\Map.cpp(43,14): warning C4244: инициализация: преобразование "T" в "int", возможна потеря данных
          with
          [
              T=float
          ]
D:\адская дрочильня\BarioGame\src\Map.cpp(55,25): warning C4244: =: преобразование "int" в "T", возможна потеря данных
          with
          [
              T=float
          ]
D:\адская дрочильня\BarioGame\src\Map.cpp(69,13): warning C4244: инициализация: преобразование "T" в "int", возможна потеря данных
          with
          [
              T=float
          ]
D:\адская дрочильня\BarioGame\src\Map.cpp(71,14): warning C4244: инициализация: преобразование "T" в "int", возможна потеря данных
          with
          [
              T=float
          ]
D:\адская дрочильня\BarioGame\src\Map.cpp(85,24): warning C4244: =: преобразование "int" в "T", возможна потеря данных
          with
          [
              T=float
          ]
  Bario.vcxproj -> D:\адская дрочильня\BarioGame\Debug\Bario.exe
