  BaseUnit.cpp
  Game.cpp
  main.cpp
  Map.cpp
C:\Users\andre\Desktop\BarioGame\src\Game.cpp(17,15): warning C4244: инициализация: преобразование "sf::Int64" в "double", возможна потеря данных
C:\Users\andre\Desktop\BarioGame\src\Map.cpp(34,13): warning C4244: инициализация: преобразование "T" в "int", возможна потеря данных
C:\Users\andre\Desktop\BarioGame\src\Map.cpp(34,13): warning C4244:         with
C:\Users\andre\Desktop\BarioGame\src\Map.cpp(34,13): warning C4244:         [
C:\Users\andre\Desktop\BarioGame\src\Map.cpp(34,13): warning C4244:             T=float
C:\Users\andre\Desktop\BarioGame\src\Map.cpp(34,13): warning C4244:         ]
C:\Users\andre\Desktop\BarioGame\src\Map.cpp(36,14): warning C4244: инициализация: преобразование "T" в "int", возможна потеря данных
C:\Users\andre\Desktop\BarioGame\src\Map.cpp(36,14): warning C4244:         with
C:\Users\andre\Desktop\BarioGame\src\Map.cpp(36,14): warning C4244:         [
C:\Users\andre\Desktop\BarioGame\src\Map.cpp(36,14): warning C4244:             T=float
C:\Users\andre\Desktop\BarioGame\src\Map.cpp(36,14): warning C4244:         ]
C:\Users\andre\Desktop\BarioGame\src\Map.cpp(49,25): warning C4244: =: преобразование "int" в "T", возможна потеря данных
C:\Users\andre\Desktop\BarioGame\src\Map.cpp(49,25): warning C4244:         with
C:\Users\andre\Desktop\BarioGame\src\Map.cpp(49,25): warning C4244:         [
C:\Users\andre\Desktop\BarioGame\src\Map.cpp(49,25): warning C4244:             T=float
C:\Users\andre\Desktop\BarioGame\src\Map.cpp(49,25): warning C4244:         ]
  Player.cpp
C:\Users\andre\Desktop\BarioGame\src\Map.cpp(62,24): warning C4244: =: преобразование "int" в "T", возможна потеря данных
C:\Users\andre\Desktop\BarioGame\src\Map.cpp(62,24): warning C4244:         with
C:\Users\andre\Desktop\BarioGame\src\Map.cpp(62,24): warning C4244:         [
C:\Users\andre\Desktop\BarioGame\src\Map.cpp(62,24): warning C4244:             T=float
C:\Users\andre\Desktop\BarioGame\src\Map.cpp(62,24): warning C4244:         ]
C:\Users\andre\Desktop\BarioGame\src\Player.cpp(9,37): warning C4244: аргумент: преобразование "int" в "T", возможна потеря данных
C:\Users\andre\Desktop\BarioGame\src\Player.cpp(9,37): warning C4244:         with
C:\Users\andre\Desktop\BarioGame\src\Player.cpp(9,37): warning C4244:         [
C:\Users\andre\Desktop\BarioGame\src\Player.cpp(9,37): warning C4244:             T=float
C:\Users\andre\Desktop\BarioGame\src\Player.cpp(9,37): warning C4244:         ]
C:\Users\andre\Desktop\BarioGame\src\Player.cpp(9,25): warning C4244: аргумент: преобразование "int" в "T", возможна потеря данных
C:\Users\andre\Desktop\BarioGame\src\Player.cpp(9,25): warning C4244:         with
C:\Users\andre\Desktop\BarioGame\src\Player.cpp(9,25): warning C4244:         [
C:\Users\andre\Desktop\BarioGame\src\Player.cpp(9,25): warning C4244:             T=float
C:\Users\andre\Desktop\BarioGame\src\Player.cpp(9,25): warning C4244:         ]
C:\Users\andre\Desktop\BarioGame\src\Player.cpp(40,24): warning C4244: +=: преобразование "double" в "T", возможна потеря данных
C:\Users\andre\Desktop\BarioGame\src\Player.cpp(40,24): warning C4244:         with
C:\Users\andre\Desktop\BarioGame\src\Player.cpp(40,24): warning C4244:         [
C:\Users\andre\Desktop\BarioGame\src\Player.cpp(40,24): warning C4244:             T=float
C:\Users\andre\Desktop\BarioGame\src\Player.cpp(40,24): warning C4244:         ]
  Создание кода...
C:\Users\andre\Desktop\BarioGame\src\Player.cpp(43,23): warning C4244: +=: преобразование "double" в "T", возможна потеря данных
C:\Users\andre\Desktop\BarioGame\src\Player.cpp(43,23): warning C4244:         with
C:\Users\andre\Desktop\BarioGame\src\Player.cpp(43,23): warning C4244:         [
C:\Users\andre\Desktop\BarioGame\src\Player.cpp(43,23): warning C4244:             T=float
C:\Users\andre\Desktop\BarioGame\src\Player.cpp(43,23): warning C4244:         ]
sfml-window-d.lib(sfml-window-d-2.dll) : fatal error LNK1112: тип компьютера модуля "x86" конфликтует с типом целевого компьютера "x64"
